[2020-11-08 18:09:25,449] INFO [GroupMetadataManager brokerId=0] Removed 0 expired offsets in 0 milliseconds. (kafka.coordinator.group.GroupMetadataManager)
[2020-11-08 18:12:12,733] ERROR Error while reading checkpoint file /Users/ganeshsmargada/kafka/F:Kafkakafka_2.11-1.1.0kafka-logs/cleaner-offset-checkpoint (kafka.server.LogDirFailureChannel)
java.io.FileNotFoundException: /Users/ganeshsmargada/kafka/F:Kafkakafka_2.11-1.1.0kafka-logs/cleaner-offset-checkpoint (No such file or directory)
	at java.io.FileInputStream.open0(Native Method)
	at java.io.FileInputStream.open(FileInputStream.java:195)
	at java.io.FileInputStream.<init>(FileInputStream.java:138)
	at kafka.server.checkpoints.CheckpointFile.liftedTree2$1(CheckpointFile.scala:87)
	at kafka.server.checkpoints.CheckpointFile.read(CheckpointFile.scala:86)
	at kafka.server.checkpoints.OffsetCheckpointFile.read(OffsetCheckpointFile.scala:61)
	at kafka.log.LogCleanerManager$$anonfun$allCleanerCheckpoints$1$$anonfun$apply$1.apply(LogCleanerManager.scala:89)
	at kafka.log.LogCleanerManager$$anonfun$allCleanerCheckpoints$1$$anonfun$apply$1.apply(LogCleanerManager.scala:87)
	at scala.collection.TraversableLike$$anonfun$flatMap$1.apply(TraversableLike.scala:241)
	at scala.collection.TraversableLike$$anonfun$flatMap$1.apply(TraversableLike.scala:241)
	at scala.collection.Iterator$class.foreach(Iterator.scala:891)
	at scala.collection.AbstractIterator.foreach(Iterator.scala:1334)
	at scala.collection.MapLike$DefaultValuesIterable.foreach(MapLike.scala:206)
	at scala.collection.TraversableLike$class.flatMap(TraversableLike.scala:241)
	at scala.collection.AbstractTraversable.flatMap(Traversable.scala:104)
	at kafka.log.LogCleanerManager$$anonfun$allCleanerCheckpoints$1.apply(LogCleanerManager.scala:87)
	at kafka.log.LogCleanerManager$$anonfun$allCleanerCheckpoints$1.apply(LogCleanerManager.scala:95)
	at kafka.utils.CoreUtils$.inLock(CoreUtils.scala:250)
	at kafka.log.LogCleanerManager.allCleanerCheckpoints(LogCleanerManager.scala:86)
	at kafka.log.LogCleanerManager$$anonfun$grabFilthiestCompactedLog$1.apply(LogCleanerManager.scala:126)
	at kafka.log.LogCleanerManager$$anonfun$grabFilthiestCompactedLog$1.apply(LogCleanerManager.scala:123)
	at kafka.utils.CoreUtils$.inLock(CoreUtils.scala:250)
	at kafka.log.LogCleanerManager.grabFilthiestCompactedLog(LogCleanerManager.scala:123)
	at kafka.log.LogCleaner$CleanerThread.cleanOrSleep(LogCleaner.scala:298)
	at kafka.log.LogCleaner$CleanerThread.doWork(LogCleaner.scala:291)
	at kafka.utils.ShutdownableThread.run(ShutdownableThread.scala:82)
[2020-11-08 18:12:12,970] INFO [ReplicaManager broker=0] Stopping serving replicas in dir /Users/ganeshsmargada/kafka/F:Kafkakafka_2.11-1.1.0kafka-logs (kafka.server.ReplicaManager)
[2020-11-08 18:12:12,992] INFO [ReplicaFetcherManager on broker 0] Removed fetcher for partitions updateMenu-0,GetMenu-0,addMessage-0,loginOwner-0,updateStatus-0,OwnerProfile-0,getOwnerOrders-0,getMessage-0,SignUpUser-0,GetUserProfile-0,UserProfile-0,response_topic-0,Orders-0,post_book-0,loginUser-0,getUserOrders-0,SignUpOwner-0,GetOwnerProfile-0,UserDashboard-0 (kafka.server.ReplicaFetcherManager)
[2020-11-08 18:12:12,997] INFO [ReplicaAlterLogDirsManager on broker 0] Removed fetcher for partitions updateMenu-0,GetMenu-0,addMessage-0,loginOwner-0,updateStatus-0,OwnerProfile-0,getOwnerOrders-0,getMessage-0,SignUpUser-0,GetUserProfile-0,UserProfile-0,response_topic-0,Orders-0,post_book-0,loginUser-0,getUserOrders-0,SignUpOwner-0,GetOwnerProfile-0,UserDashboard-0 (kafka.server.ReplicaAlterLogDirsManager)
[2020-11-08 18:12:13,202] INFO [ReplicaManager broker=0] Broker 0 stopped fetcher for partitions updateMenu-0,GetMenu-0,addMessage-0,loginOwner-0,updateStatus-0,OwnerProfile-0,getOwnerOrders-0,getMessage-0,SignUpUser-0,GetUserProfile-0,UserProfile-0,response_topic-0,Orders-0,post_book-0,loginUser-0,getUserOrders-0,SignUpOwner-0,GetOwnerProfile-0,UserDashboard-0 and stopped moving logs for partitions  because they are in the failed log directory /Users/ganeshsmargada/kafka/F:Kafkakafka_2.11-1.1.0kafka-logs. (kafka.server.ReplicaManager)
[2020-11-08 18:12:13,205] INFO Stopping serving logs in dir /Users/ganeshsmargada/kafka/F:Kafkakafka_2.11-1.1.0kafka-logs (kafka.log.LogManager)
[2020-11-08 18:12:13,309] ERROR Shutdown broker because all log dirs in /Users/ganeshsmargada/kafka/F:Kafkakafka_2.11-1.1.0kafka-logs have failed (kafka.log.LogManager)
